[INFO][2025-03-29T16:34:45.016Z] 开始抓取CrazyGames游戏数据
[INFO][2025-03-29T16:34:45.732Z] 访问游戏列表页面: https://www.crazygames.com/games
[ERROR][2025-03-29T16:35:45.735Z] 抓取过程中发生错误
TimeoutError: Navigation timeout of 60000 ms exceeded
    at new Deferred (D:\projects\游戏站\yourlair.online\yourlair-importer\node_modules\puppeteer-core\lib\cjs\puppeteer\util\Deferred.js:54:34)
    at Deferred.create (D:\projects\游戏站\yourlair.online\yourlair-importer\node_modules\puppeteer-core\lib\cjs\puppeteer\util\Deferred.js:16:16)
    at new LifecycleWatcher (D:\projects\游戏站\yourlair.online\yourlair-importer\node_modules\puppeteer-core\lib\cjs\puppeteer\cdp\LifecycleWatcher.js:65:60)
    at CdpFrame.goto (D:\projects\游戏站\yourlair.online\yourlair-importer\node_modules\puppeteer-core\lib\cjs\puppeteer\cdp\Frame.js:135:29)
    at CdpFrame.<anonymous> (D:\projects\游戏站\yourlair.online\yourlair-importer\node_modules\puppeteer-core\lib\cjs\puppeteer\util\decorators.js:98:27)
    at CdpPage.goto (D:\projects\游戏站\yourlair.online\yourlair-importer\node_modules\puppeteer-core\lib\cjs\puppeteer\api\Page.js:603:43)
    at main (D:\projects\游戏站\yourlair.online\yourlair-importer\crazygames-crawler.js:84:16)
    at process.processTicksAndRejections (node:internal/process/task_queues:105:5)
[INFO][2025-03-29T17:02:31.758Z] 开始抓取CrazyGames游戏数据
[INFO][2025-03-29T17:02:32.317Z] 访问游戏列表页面: https://www.crazygames.com/games
[ERROR][2025-03-29T17:03:32.330Z] 抓取过程中发生错误
TimeoutError: Navigation timeout of 60000 ms exceeded
    at new Deferred (D:\projects\游戏站\yourlair.online\yourlair-importer\node_modules\puppeteer-core\lib\cjs\puppeteer\util\Deferred.js:54:34)
    at Deferred.create (D:\projects\游戏站\yourlair.online\yourlair-importer\node_modules\puppeteer-core\lib\cjs\puppeteer\util\Deferred.js:16:16)
    at new LifecycleWatcher (D:\projects\游戏站\yourlair.online\yourlair-importer\node_modules\puppeteer-core\lib\cjs\puppeteer\cdp\LifecycleWatcher.js:65:60)
    at CdpFrame.goto (D:\projects\游戏站\yourlair.online\yourlair-importer\node_modules\puppeteer-core\lib\cjs\puppeteer\cdp\Frame.js:135:29)
    at CdpFrame.<anonymous> (D:\projects\游戏站\yourlair.online\yourlair-importer\node_modules\puppeteer-core\lib\cjs\puppeteer\util\decorators.js:98:27)
    at CdpPage.goto (D:\projects\游戏站\yourlair.online\yourlair-importer\node_modules\puppeteer-core\lib\cjs\puppeteer\api\Page.js:603:43)
    at main (D:\projects\游戏站\yourlair.online\yourlair-importer\crazygames-crawler.js:84:16)
    at process.processTicksAndRejections (node:internal/process/task_queues:105:5)
[INFO][2025-03-29T17:08:18.945Z] 开始抓取CrazyGames游戏数据
[INFO][2025-03-29T17:08:19.267Z] 访问游戏列表页面: https://www.crazygames.com/games
[ERROR][2025-03-29T17:09:19.277Z] 抓取过程中发生错误
TimeoutError: Navigation timeout of 60000 ms exceeded
    at new Deferred (D:\projects\游戏站\yourlair.online\yourlair-importer\node_modules\puppeteer-core\lib\cjs\puppeteer\util\Deferred.js:54:34)
    at Deferred.create (D:\projects\游戏站\yourlair.online\yourlair-importer\node_modules\puppeteer-core\lib\cjs\puppeteer\util\Deferred.js:16:16)
    at new LifecycleWatcher (D:\projects\游戏站\yourlair.online\yourlair-importer\node_modules\puppeteer-core\lib\cjs\puppeteer\cdp\LifecycleWatcher.js:65:60)
    at CdpFrame.goto (D:\projects\游戏站\yourlair.online\yourlair-importer\node_modules\puppeteer-core\lib\cjs\puppeteer\cdp\Frame.js:135:29)
    at CdpFrame.<anonymous> (D:\projects\游戏站\yourlair.online\yourlair-importer\node_modules\puppeteer-core\lib\cjs\puppeteer\util\decorators.js:98:27)
    at CdpPage.goto (D:\projects\游戏站\yourlair.online\yourlair-importer\node_modules\puppeteer-core\lib\cjs\puppeteer\api\Page.js:603:43)
    at main (D:\projects\游戏站\yourlair.online\yourlair-importer\crazygames-crawler.js:84:16)
    at process.processTicksAndRejections (node:internal/process/task_queues:105:5)
[INFO][2025-03-30T02:20:23.991Z] 开始抓取CrazyGames游戏数据
[INFO][2025-03-30T02:20:24.505Z] 访问游戏列表页面: https://www.crazygames.com/games
[INFO][2025-03-30T02:20:33.669Z] 滚动页面加载更多游戏...
[INFO][2025-03-30T02:20:38.693Z] 找到 100 个游戏链接
[INFO][2025-03-30T02:20:38.694Z] 处理游戏 1/100: https://www.crazygames.com/game/bloxdhop-io
[INFO][2025-03-30T02:20:46.769Z]   尝试查找Embed按钮...
[INFO][2025-03-30T02:20:46.772Z]   找到Embed按钮，位置: x=276.03515625, y=337.859375
[INFO][2025-03-30T02:20:47.792Z]   点击了Embed按钮
[INFO][2025-03-30T02:20:50.804Z]   构建正确格式的iframe源: https://www.crazygames.com/embed/bloxdhop-io
[INFO][2025-03-30T02:20:52.810Z] 处理游戏 2/100: https://www.crazygames.com/game/ragdoll-archers
[INFO][2025-03-30T02:21:00.348Z]   尝试查找Embed按钮...
[INFO][2025-03-30T02:21:00.350Z]   找到Embed按钮，位置: x=276.03515625, y=337.859375
[INFO][2025-03-30T02:21:01.370Z]   点击了Embed按钮
[INFO][2025-03-30T02:21:04.389Z]   构建正确格式的iframe源: https://www.crazygames.com/embed/ragdoll-archers
[INFO][2025-03-30T02:21:06.406Z] 处理游戏 3/100: https://www.crazygames.com/game/mahjongg-solitaire
[INFO][2025-03-30T02:21:13.898Z]   尝试查找Embed按钮...
[INFO][2025-03-30T02:21:13.901Z]   找到Embed按钮，位置: x=276.03515625, y=337.859375
[INFO][2025-03-30T02:21:14.922Z]   点击了Embed按钮
[INFO][2025-03-30T02:21:17.957Z]   构建正确格式的iframe源: https://www.crazygames.com/embed/mahjongg-solitaire
[INFO][2025-03-30T02:21:19.969Z] 处理游戏 4/100: https://www.crazygames.com/game/words-of-wonders
[INFO][2025-03-30T02:21:28.025Z]   尝试查找Embed按钮...
[INFO][2025-03-30T02:21:28.027Z]   找到Embed按钮，位置: x=276.03515625, y=337.859375
[INFO][2025-03-30T02:21:29.042Z]   点击了Embed按钮
[INFO][2025-03-30T02:21:32.061Z]   构建正确格式的iframe源: https://www.crazygames.com/embed/words-of-wonders
[INFO][2025-03-30T02:21:34.073Z] 处理游戏 5/100: https://www.crazygames.com/game/count-masters-stickman-games
[INFO][2025-03-30T02:21:42.658Z]   尝试查找Embed按钮...
[INFO][2025-03-30T02:21:42.661Z]   找到Embed按钮，位置: x=276.03515625, y=337.859375
[INFO][2025-03-30T02:21:43.681Z]   点击了Embed按钮
[INFO][2025-03-30T02:21:46.723Z]   构建正确格式的iframe源: https://www.crazygames.com/embed/count-masters-stickman-games
[INFO][2025-03-30T02:21:48.727Z] 已保存 5 个游戏数据
[INFO][2025-03-30T02:21:48.728Z] 处理游戏 6/100: https://www.crazygames.com/game/solar-smash
[INFO][2025-03-30T02:21:55.429Z]   尝试查找Embed按钮...
[INFO][2025-03-30T02:21:55.431Z]   找到Embed按钮，位置: x=276.03515625, y=337.859375
[INFO][2025-03-30T02:21:56.441Z]   点击了Embed按钮
[INFO][2025-03-30T02:21:59.456Z]   构建正确格式的iframe源: https://www.crazygames.com/embed/solar-smash
[INFO][2025-03-30T02:22:01.468Z] 处理游戏 7/100: https://www.crazygames.com/game/8-ball-billiards-classic
[INFO][2025-03-30T02:22:09.479Z]   尝试查找Embed按钮...
[INFO][2025-03-30T02:22:09.483Z]   找到Embed按钮，位置: x=276.03515625, y=337.859375
[INFO][2025-03-30T02:22:10.495Z]   点击了Embed按钮
[INFO][2025-03-30T02:22:13.528Z]   构建正确格式的iframe源: https://www.crazygames.com/embed/8-ball-billiards-classic
[INFO][2025-03-30T02:22:15.533Z] 处理游戏 8/100: https://www.crazygames.com/game/slice-master
[INFO][2025-03-30T02:22:23.807Z]   尝试查找Embed按钮...
[INFO][2025-03-30T02:22:23.811Z]   找到Embed按钮，位置: x=276.03515625, y=337.859375
[INFO][2025-03-30T02:22:24.832Z]   点击了Embed按钮
[INFO][2025-03-30T02:22:27.847Z]   构建正确格式的iframe源: https://www.crazygames.com/embed/slice-master
[INFO][2025-03-30T02:22:29.860Z] 处理游戏 9/100: https://www.crazygames.com/game/buildnow-gg
[INFO][2025-03-30T02:22:36.969Z]   尝试查找Embed按钮...
[INFO][2025-03-30T02:22:36.972Z]   找到Embed按钮，位置: x=276.03515625, y=337.859375
[INFO][2025-03-30T02:22:37.997Z]   点击了Embed按钮
[INFO][2025-03-30T02:22:41.025Z]   构建正确格式的iframe源: https://www.crazygames.com/embed/buildnow-gg
[INFO][2025-03-30T02:22:43.032Z] 处理游戏 10/100: https://www.crazygames.com/game/hazmob-fps-online-shooter
[INFO][2025-03-30T02:22:49.874Z]   尝试查找Embed按钮...
[INFO][2025-03-30T02:22:49.878Z]   找到Embed按钮，位置: x=276.03515625, y=337.859375
[INFO][2025-03-30T02:22:50.896Z]   点击了Embed按钮
[INFO][2025-03-30T02:22:53.928Z]   构建正确格式的iframe源: https://www.crazygames.com/embed/hazmob-fps-online-shooter
[INFO][2025-03-30T02:22:55.941Z] 已保存 10 个游戏数据
[INFO][2025-03-30T02:22:55.942Z] 处理游戏 11/100: https://www.crazygames.com/game/farm-merge-valley
[INFO][2025-03-30T02:23:03.206Z]   尝试查找Embed按钮...
[INFO][2025-03-30T02:23:03.209Z]   找到Embed按钮，位置: x=276.03515625, y=337.859375
[INFO][2025-03-30T02:23:04.235Z]   点击了Embed按钮
[INFO][2025-03-30T02:23:07.272Z]   构建正确格式的iframe源: https://www.crazygames.com/embed/farm-merge-valley
[INFO][2025-03-30T02:23:09.279Z] 处理游戏 12/100: https://www.crazygames.com/game/supermarket-simulator-cashier-game
[INFO][2025-03-30T02:23:19.699Z]   尝试查找Embed按钮...
[INFO][2025-03-30T02:23:19.702Z]   找到Embed按钮，位置: x=276.03515625, y=370.53125
[INFO][2025-03-30T02:23:20.717Z]   点击了Embed按钮
[INFO][2025-03-30T02:23:23.742Z]   构建正确格式的iframe源: https://www.crazygames.com/embed/supermarket-simulator-cashier-game
[INFO][2025-03-30T02:23:25.746Z] 处理游戏 13/100: https://www.crazygames.com/game/tower-swap
[INFO][2025-03-30T02:23:32.554Z]   尝试查找Embed按钮...
[INFO][2025-03-30T02:23:32.557Z]   找到Embed按钮，位置: x=276.03515625, y=337.859375
[INFO][2025-03-30T02:23:33.576Z]   点击了Embed按钮
[INFO][2025-03-30T02:23:36.603Z]   构建正确格式的iframe源: https://www.crazygames.com/embed/tower-swap
[INFO][2025-03-30T02:23:38.612Z] 处理游戏 14/100: https://www.crazygames.com/game/crazy-flips-3d
[INFO][2025-03-30T02:23:47.809Z]   尝试查找Embed按钮...
[INFO][2025-03-30T02:23:47.811Z]   找到Embed按钮，位置: x=276.03515625, y=337.859375
[INFO][2025-03-30T02:23:48.830Z]   点击了Embed按钮
[INFO][2025-03-30T02:23:51.839Z]   构建正确格式的iframe源: https://www.crazygames.com/embed/crazy-flips-3d
[INFO][2025-03-30T02:23:53.842Z] 处理游戏 15/100: https://www.crazygames.com/game/miniblox
[INFO][2025-03-30T02:24:02.367Z]   尝试查找Embed按钮...
[INFO][2025-03-30T02:24:02.370Z]   找到Embed按钮，位置: x=276.03515625, y=337.859375
[INFO][2025-03-30T02:24:03.390Z]   点击了Embed按钮
[INFO][2025-03-30T02:24:06.410Z]   构建正确格式的iframe源: https://www.crazygames.com/embed/miniblox
[INFO][2025-03-30T02:24:08.414Z] 已保存 15 个游戏数据
[INFO][2025-03-30T02:24:08.415Z] 处理游戏 16/100: https://www.crazygames.com/game/traffic-rider-vvq
[INFO][2025-03-30T02:24:18.844Z]   尝试查找Embed按钮...
[INFO][2025-03-30T02:24:18.846Z]   找到Embed按钮，位置: x=276.03515625, y=337.859375
[INFO][2025-03-30T02:24:19.864Z]   点击了Embed按钮
[INFO][2025-03-30T02:24:22.884Z]   构建正确格式的iframe源: https://www.crazygames.com/embed/traffic-rider-vvq
[INFO][2025-03-30T02:24:24.898Z] 处理游戏 17/100: https://www.crazygames.com/game/rpg-idle-clicker-uzz
[INFO][2025-03-30T02:24:33.563Z]   尝试查找Embed按钮...
[INFO][2025-03-30T02:24:33.565Z]   找到Embed按钮，位置: x=276.03515625, y=337.859375
[INFO][2025-03-30T02:24:34.590Z]   点击了Embed按钮
[INFO][2025-03-30T02:24:37.612Z]   构建正确格式的iframe源: https://www.crazygames.com/embed/rpg-idle-clicker-uzz
[INFO][2025-03-30T02:24:39.613Z] 处理游戏 18/100: https://www.crazygames.com/game/ragdoll-break
[INFO][2025-03-30T02:24:46.685Z]   尝试查找Embed按钮...
[INFO][2025-03-30T02:24:46.689Z]   找到Embed按钮，位置: x=276.03515625, y=337.859375
[INFO][2025-03-30T02:24:47.713Z]   点击了Embed按钮
[INFO][2025-03-30T02:24:50.739Z]   构建正确格式的iframe源: https://www.crazygames.com/embed/ragdoll-break
[INFO][2025-03-30T02:24:52.743Z] 处理游戏 19/100: https://www.crazygames.com/game/idle-saga
[INFO][2025-03-30T02:25:01.092Z]   尝试查找Embed按钮...
[INFO][2025-03-30T02:25:01.096Z]   找到Embed按钮，位置: x=276.03515625, y=337.859375
[INFO][2025-03-30T02:25:02.120Z]   点击了Embed按钮
[INFO][2025-03-30T02:25:05.134Z]   构建正确格式的iframe源: https://www.crazygames.com/embed/idle-saga
[INFO][2025-03-30T02:25:07.146Z] 处理游戏 20/100: https://www.crazygames.com/game/empire-clicker
[INFO][2025-03-30T02:25:15.965Z]   尝试查找Embed按钮...
[INFO][2025-03-30T02:25:15.967Z]   找到Embed按钮，位置: x=276.03515625, y=337.859375
[INFO][2025-03-30T02:25:16.988Z]   点击了Embed按钮
[INFO][2025-03-30T02:25:19.999Z]   构建正确格式的iframe源: https://www.crazygames.com/embed/empire-clicker
[INFO][2025-03-30T02:25:21.999Z] 已保存 20 个游戏数据
[INFO][2025-03-30T02:25:22.000Z] 处理游戏 21/100: https://www.crazygames.com/game/basketbros
[INFO][2025-03-30T02:25:28.758Z]   尝试查找Embed按钮...
[INFO][2025-03-30T02:25:28.760Z]   找到Embed按钮，位置: x=276.03515625, y=337.859375
[INFO][2025-03-30T02:25:29.769Z]   点击了Embed按钮
[INFO][2025-03-30T02:25:32.782Z]   构建正确格式的iframe源: https://www.crazygames.com/embed/basketbros
[INFO][2025-03-30T02:25:34.787Z] 处理游戏 22/100: https://www.crazygames.com/game/mergest-kingdom
[INFO][2025-03-30T02:25:41.680Z]   尝试查找Embed按钮...
[INFO][2025-03-30T02:25:41.683Z]   找到Embed按钮，位置: x=276.03515625, y=337.859375
[INFO][2025-03-30T02:25:42.697Z]   点击了Embed按钮
[INFO][2025-03-30T02:25:45.729Z]   构建正确格式的iframe源: https://www.crazygames.com/embed/mergest-kingdom
[INFO][2025-03-30T02:25:47.736Z] 处理游戏 23/100: https://www.crazygames.com/game/hexa-sort
[INFO][2025-03-30T02:25:55.316Z]   尝试查找Embed按钮...
[INFO][2025-03-30T02:25:55.319Z]   找到Embed按钮，位置: x=276.03515625, y=337.859375
[INFO][2025-03-30T02:25:56.336Z]   点击了Embed按钮
[INFO][2025-03-30T02:25:59.351Z]   构建正确格式的iframe源: https://www.crazygames.com/embed/hexa-sort
[INFO][2025-03-30T02:26:01.355Z] 处理游戏 24/100: https://www.crazygames.com/game/racing-limits
[INFO][2025-03-30T02:26:08.987Z]   尝试查找Embed按钮...
[INFO][2025-03-30T02:26:08.989Z]   找到Embed按钮，位置: x=276.03515625, y=337.859375
[INFO][2025-03-30T02:26:10.005Z]   点击了Embed按钮
[INFO][2025-03-30T02:26:13.041Z]   构建正确格式的iframe源: https://www.crazygames.com/embed/racing-limits
[INFO][2025-03-30T02:26:15.048Z] 处理游戏 25/100: https://www.crazygames.com/game/corn-tycoon
[INFO][2025-03-30T02:26:22.389Z]   尝试查找Embed按钮...
[INFO][2025-03-30T02:26:22.391Z]   找到Embed按钮，位置: x=276.03515625, y=337.859375
[INFO][2025-03-30T02:26:23.405Z]   点击了Embed按钮
[INFO][2025-03-30T02:26:26.530Z]   构建正确格式的iframe源: https://www.crazygames.com/embed/corn-tycoon
[INFO][2025-03-30T02:26:28.532Z] 已保存 25 个游戏数据
[INFO][2025-03-30T02:26:28.533Z] 处理游戏 26/100: https://www.crazygames.com/game/piles-of-mahjong-jhb
[INFO][2025-03-30T02:26:36.802Z]   尝试查找Embed按钮...
[INFO][2025-03-30T02:26:36.805Z]   找到Embed按钮，位置: x=276.03515625, y=337.859375
[INFO][2025-03-30T02:26:37.830Z]   点击了Embed按钮
[INFO][2025-03-30T02:26:40.863Z]   构建正确格式的iframe源: https://www.crazygames.com/embed/piles-of-mahjong-jhb
[INFO][2025-03-30T02:26:42.878Z] 处理游戏 27/100: https://www.crazygames.com/game/bullet-force-multiplayer
[INFO][2025-03-30T02:26:50.653Z]   尝试查找Embed按钮...
[INFO][2025-03-30T02:26:50.659Z]   找到Embed按钮，位置: x=276.03515625, y=337.859375
[INFO][2025-03-30T02:26:51.684Z]   点击了Embed按钮
[INFO][2025-03-30T02:26:54.722Z]   构建正确格式的iframe源: https://www.crazygames.com/embed/bullet-force-multiplayer
[INFO][2025-03-30T02:26:56.729Z] 处理游戏 28/100: https://www.crazygames.com/game/shellshockersio
[INFO][2025-03-30T02:27:03.959Z]   尝试查找Embed按钮...
[INFO][2025-03-30T02:27:03.963Z]   找到Embed按钮，位置: x=276.03515625, y=337.859375
[INFO][2025-03-30T02:27:04.982Z]   点击了Embed按钮
[INFO][2025-03-30T02:27:08.027Z]   构建正确格式的iframe源: https://www.crazygames.com/embed/shellshockersio
[INFO][2025-03-30T02:27:10.030Z] 处理游戏 29/100: https://www.crazygames.com/game/deadshot-io
[INFO][2025-03-30T02:27:18.063Z]   尝试查找Embed按钮...
[INFO][2025-03-30T02:27:18.067Z]   找到Embed按钮，位置: x=276.03515625, y=337.859375
[INFO][2025-03-30T02:27:19.088Z]   点击了Embed按钮
[INFO][2025-03-30T02:27:22.122Z]   构建正确格式的iframe源: https://www.crazygames.com/embed/deadshot-io
[INFO][2025-03-30T02:27:24.128Z] 处理游戏 30/100: https://www.crazygames.com/game/guess-their-answer
[INFO][2025-03-30T02:27:31.905Z]   尝试查找Embed按钮...
[INFO][2025-03-30T02:27:31.907Z]   找到Embed按钮，位置: x=276.03515625, y=337.859375
[INFO][2025-03-30T02:27:32.934Z]   点击了Embed按钮
[INFO][2025-03-30T02:27:35.943Z]   构建正确格式的iframe源: https://www.crazygames.com/embed/guess-their-answer
[INFO][2025-03-30T02:27:37.947Z] 已保存 30 个游戏数据
[INFO][2025-03-30T02:27:37.948Z] 处理游戏 31/100: https://www.crazygames.com/game/block-wall-destroyer
[INFO][2025-03-30T02:27:45.449Z]   尝试查找Embed按钮...
[INFO][2025-03-30T02:27:45.451Z]   找到Embed按钮，位置: x=276.03515625, y=337.859375
[INFO][2025-03-30T02:27:46.467Z]   点击了Embed按钮
[INFO][2025-03-30T02:27:49.500Z]   构建正确格式的iframe源: https://www.crazygames.com/embed/block-wall-destroyer
[INFO][2025-03-30T02:27:51.506Z] 处理游戏 32/100: https://www.crazygames.com/game/smash-karts
[INFO][2025-03-30T02:27:57.919Z]   尝试查找Embed按钮...
[INFO][2025-03-30T02:27:57.925Z]   找到Embed按钮，位置: x=276.03515625, y=337.859375
[INFO][2025-03-30T02:27:58.953Z]   点击了Embed按钮
[INFO][2025-03-30T02:28:01.978Z]   构建正确格式的iframe源: https://www.crazygames.com/embed/smash-karts
[INFO][2025-03-30T02:28:03.994Z] 处理游戏 33/100: https://www.crazygames.com/game/word-wipe
[INFO][2025-03-30T02:28:12.434Z]   尝试查找Embed按钮...
[INFO][2025-03-30T02:28:12.441Z]   未找到Embed按钮
[INFO][2025-03-30T02:28:12.441Z]   构建正确格式的iframe源: https://www.crazygames.com/embed/word-wipe
[INFO][2025-03-30T02:28:14.444Z] 处理游戏 34/100: https://www.crazygames.com/game/thief-puzzle
[INFO][2025-03-30T02:28:22.340Z]   尝试查找Embed按钮...
[INFO][2025-03-30T02:28:22.343Z]   找到Embed按钮，位置: x=276.03515625, y=337.859375
[INFO][2025-03-30T02:28:23.366Z]   点击了Embed按钮
[INFO][2025-03-30T02:28:26.401Z]   构建正确格式的iframe源: https://www.crazygames.com/embed/thief-puzzle
[INFO][2025-03-30T02:28:28.405Z] 处理游戏 35/100: https://www.crazygames.com/game/sandbox-city---cars-zombies-ragdolls
[INFO][2025-03-30T02:28:36.922Z]   尝试查找Embed按钮...
[INFO][2025-03-30T02:28:36.924Z]   找到Embed按钮，位置: x=276.03515625, y=337.859375
[INFO][2025-03-30T02:28:37.943Z]   点击了Embed按钮
[INFO][2025-03-30T02:28:40.960Z]   构建正确格式的iframe源: https://www.crazygames.com/embed/sandbox-city---cars-zombies-ragdolls
[INFO][2025-03-30T02:28:42.964Z] 已保存 35 个游戏数据
[INFO][2025-03-30T02:28:42.964Z] 处理游戏 36/100: https://www.crazygames.com/game/skillwarz
[INFO][2025-03-30T02:28:49.554Z]   尝试查找Embed按钮...
[INFO][2025-03-30T02:28:49.556Z]   找到Embed按钮，位置: x=276.03515625, y=337.859375
[INFO][2025-03-30T02:28:50.567Z]   点击了Embed按钮
[INFO][2025-03-30T02:28:53.591Z]   构建正确格式的iframe源: https://www.crazygames.com/embed/skillwarz
[INFO][2025-03-30T02:28:55.598Z] 处理游戏 37/100: https://www.crazygames.com/game/checkers-draughts-multiplayer
[INFO][2025-03-30T02:29:02.397Z]   尝试查找Embed按钮...
[INFO][2025-03-30T02:29:02.400Z]   找到Embed按钮，位置: x=276.03515625, y=337.859375
[INFO][2025-03-30T02:29:03.415Z]   点击了Embed按钮
[INFO][2025-03-30T02:29:06.443Z]   构建正确格式的iframe源: https://www.crazygames.com/embed/checkers-draughts-multiplayer
[INFO][2025-03-30T02:29:08.450Z] 处理游戏 38/100: https://www.crazygames.com/game/kingdom-solitaire
[INFO][2025-03-30T02:29:19.355Z]   尝试查找Embed按钮...
[INFO][2025-03-30T02:29:19.359Z]   找到Embed按钮，位置: x=276.03515625, y=337.859375
[INFO][2025-03-30T02:29:20.378Z]   点击了Embed按钮
[INFO][2025-03-30T02:29:23.401Z]   构建正确格式的iframe源: https://www.crazygames.com/embed/kingdom-solitaire
[INFO][2025-03-30T02:29:25.409Z] 处理游戏 39/100: https://www.crazygames.com/game/apocalypse-reborn-qff
[INFO][2025-03-30T02:29:34.251Z]   尝试查找Embed按钮...
[INFO][2025-03-30T02:29:34.254Z]   找到Embed按钮，位置: x=276.03515625, y=337.859375
[INFO][2025-03-30T02:29:35.282Z]   点击了Embed按钮
[INFO][2025-03-30T02:29:38.303Z]   构建正确格式的iframe源: https://www.crazygames.com/embed/apocalypse-reborn-qff
[INFO][2025-03-30T02:29:40.309Z] 处理游戏 40/100: https://www.crazygames.com/game/draw-climber
[INFO][2025-03-30T02:29:50.523Z]   尝试查找Embed按钮...
[INFO][2025-03-30T02:29:50.527Z]   找到Embed按钮，位置: x=276.03515625, y=337.859375
[INFO][2025-03-30T02:29:51.555Z]   点击了Embed按钮
[INFO][2025-03-30T02:29:54.582Z]   构建正确格式的iframe源: https://www.crazygames.com/embed/draw-climber
[INFO][2025-03-30T02:29:56.589Z] 已保存 40 个游戏数据
[INFO][2025-03-30T02:29:56.590Z] 处理游戏 41/100: https://www.crazygames.com/game/girls-nail-salon---nail-games
[INFO][2025-03-30T02:30:13.605Z]   尝试查找Embed按钮...
[INFO][2025-03-30T02:30:13.608Z]   找到Embed按钮，位置: x=276.03515625, y=337.859375
[INFO][2025-03-30T02:30:14.637Z]   点击了Embed按钮
[INFO][2025-03-30T02:30:17.650Z]   构建正确格式的iframe源: https://www.crazygames.com/embed/girls-nail-salon---nail-games
[INFO][2025-03-30T02:30:19.650Z] 处理游戏 42/100: https://www.crazygames.com/game/find-the-vampire
[INFO][2025-03-30T02:30:35.947Z]   尝试查找Embed按钮...
[INFO][2025-03-30T02:30:35.952Z]   找到Embed按钮，位置: x=276.03515625, y=337.859375
[INFO][2025-03-30T02:30:36.979Z]   点击了Embed按钮
[INFO][2025-03-30T02:30:39.999Z]   构建正确格式的iframe源: https://www.crazygames.com/embed/find-the-vampire
[INFO][2025-03-30T02:30:42.004Z] 处理游戏 43/100: https://www.crazygames.com/game/crusher-block-jwd
[INFO][2025-03-30T02:30:59.562Z]   尝试查找Embed按钮...
[INFO][2025-03-30T02:30:59.565Z]   找到Embed按钮，位置: x=276.03515625, y=337.859375
[INFO][2025-03-30T02:31:00.586Z]   点击了Embed按钮
[INFO][2025-03-30T02:31:03.633Z]   构建正确格式的iframe源: https://www.crazygames.com/embed/crusher-block-jwd
[INFO][2025-03-30T02:31:05.647Z] 处理游戏 44/100: https://www.crazygames.com/game/penguin-restaurant-mge
[INFO][2025-03-30T02:31:21.806Z]   尝试查找Embed按钮...
[INFO][2025-03-30T02:31:21.809Z]   找到Embed按钮，位置: x=276.03515625, y=337.859375
[INFO][2025-03-30T02:31:22.832Z]   点击了Embed按钮
[INFO][2025-03-30T02:31:25.873Z]   构建正确格式的iframe源: https://www.crazygames.com/embed/penguin-restaurant-mge
[INFO][2025-03-30T02:31:27.875Z] 处理游戏 45/100: https://www.crazygames.com/game/cut-in-half-please
[INFO][2025-03-30T02:31:38.057Z]   尝试查找Embed按钮...
[INFO][2025-03-30T02:31:38.059Z]   找到Embed按钮，位置: x=276.03515625, y=337.859375
[INFO][2025-03-30T02:31:39.083Z]   点击了Embed按钮
[INFO][2025-03-30T02:31:42.105Z]   构建正确格式的iframe源: https://www.crazygames.com/embed/cut-in-half-please
[INFO][2025-03-30T02:31:44.110Z] 已保存 45 个游戏数据
[INFO][2025-03-30T02:31:44.111Z] 处理游戏 46/100: https://www.crazygames.com/game/letterclash
[INFO][2025-03-30T02:32:02.636Z]   尝试查找Embed按钮...
[INFO][2025-03-30T02:32:02.642Z]   未找到Embed按钮
[INFO][2025-03-30T02:32:02.643Z]   构建正确格式的iframe源: https://www.crazygames.com/embed/letterclash
[INFO][2025-03-30T02:32:04.655Z] 处理游戏 47/100: https://www.crazygames.com/game/space-waves
[INFO][2025-03-30T02:32:21.450Z]   尝试查找Embed按钮...
[INFO][2025-03-30T02:32:21.454Z]   找到Embed按钮，位置: x=276.03515625, y=337.859375
[INFO][2025-03-30T02:32:22.465Z]   点击了Embed按钮
[INFO][2025-03-30T02:32:25.487Z]   构建正确格式的iframe源: https://www.crazygames.com/embed/space-waves
[INFO][2025-03-30T02:32:27.491Z] 处理游戏 48/100: https://www.crazygames.com/game/sky-riders-buk
[INFO][2025-03-30T02:32:39.111Z]   尝试查找Embed按钮...
[INFO][2025-03-30T02:32:39.114Z]   找到Embed按钮，位置: x=276.03515625, y=337.859375
[INFO][2025-03-30T02:32:40.144Z]   点击了Embed按钮
[INFO][2025-03-30T02:32:43.167Z]   构建正确格式的iframe源: https://www.crazygames.com/embed/sky-riders-buk
[INFO][2025-03-30T02:32:45.172Z] 处理游戏 49/100: https://www.crazygames.com/game/cubes-2048-io
[INFO][2025-03-30T02:33:00.036Z]   尝试查找Embed按钮...
[INFO][2025-03-30T02:33:00.040Z]   找到Embed按钮，位置: x=276.03515625, y=337.859375
[INFO][2025-03-30T02:33:01.052Z]   点击了Embed按钮
[INFO][2025-03-30T02:33:04.086Z]   构建正确格式的iframe源: https://www.crazygames.com/embed/cubes-2048-io
[INFO][2025-03-30T02:33:06.097Z] 处理游戏 50/100: https://www.crazygames.com/game/escape-from-prison-multiplayer
[INFO][2025-03-30T02:33:16.567Z]   尝试查找Embed按钮...
[INFO][2025-03-30T02:33:16.574Z]   找到Embed按钮，位置: x=276.03515625, y=337.859375
[INFO][2025-03-30T02:33:17.595Z]   点击了Embed按钮
[INFO][2025-03-30T02:33:20.619Z]   构建正确格式的iframe源: https://www.crazygames.com/embed/escape-from-prison-multiplayer
[INFO][2025-03-30T02:33:22.628Z] 已保存 50 个游戏数据
[INFO][2025-03-30T02:33:22.629Z] 处理游戏 51/100: https://www.crazygames.com/game/holey-io-battle-royale
[INFO][2025-03-30T02:33:37.031Z]   尝试查找Embed按钮...
[INFO][2025-03-30T02:33:37.034Z]   找到Embed按钮，位置: x=276.03515625, y=337.859375
[INFO][2025-03-30T02:33:38.052Z]   点击了Embed按钮
[INFO][2025-03-30T02:33:41.073Z]   构建正确格式的iframe源: https://www.crazygames.com/embed/holey-io-battle-royale
[INFO][2025-03-30T02:33:43.088Z] 处理游戏 52/100: https://www.crazygames.com/game/evowarsio
[INFO][2025-03-30T02:34:00.536Z]   尝试查找Embed按钮...
[INFO][2025-03-30T02:34:00.541Z]   找到Embed按钮，位置: x=276.03515625, y=337.859375
[INFO][2025-03-30T02:34:01.565Z]   点击了Embed按钮
[INFO][2025-03-30T02:34:04.600Z]   构建正确格式的iframe源: https://www.crazygames.com/embed/evowarsio
[INFO][2025-03-30T02:34:06.601Z] 处理游戏 53/100: https://www.crazygames.com/game/race-clicker-tap-tap-game
[INFO][2025-03-30T02:34:16.661Z]   尝试查找Embed按钮...
[INFO][2025-03-30T02:34:16.664Z]   找到Embed按钮，位置: x=276.03515625, y=337.859375
[INFO][2025-03-30T02:34:17.686Z]   点击了Embed按钮
[INFO][2025-03-30T02:34:20.709Z]   构建正确格式的iframe源: https://www.crazygames.com/embed/race-clicker-tap-tap-game
[INFO][2025-03-30T02:34:22.723Z] 处理游戏 54/100: https://www.crazygames.com/game/gridpunk---3v3-battle-royale
[INFO][2025-03-30T02:34:30.372Z]   尝试查找Embed按钮...
[INFO][2025-03-30T02:34:30.374Z]   找到Embed按钮，位置: x=276.03515625, y=337.859375
[INFO][2025-03-30T02:34:31.398Z]   点击了Embed按钮
[INFO][2025-03-30T02:34:34.421Z]   构建正确格式的iframe源: https://www.crazygames.com/embed/gridpunk---3v3-battle-royale
[INFO][2025-03-30T02:34:36.425Z] 处理游戏 55/100: https://www.crazygames.com/game/jump-guys
[INFO][2025-03-30T02:34:45.453Z]   尝试查找Embed按钮...
[INFO][2025-03-30T02:34:45.455Z]   找到Embed按钮，位置: x=276.03515625, y=337.859375
[INFO][2025-03-30T02:34:46.483Z]   点击了Embed按钮
[INFO][2025-03-30T02:34:49.507Z]   构建正确格式的iframe源: https://www.crazygames.com/embed/jump-guys
[INFO][2025-03-30T02:34:51.514Z] 已保存 55 个游戏数据
[INFO][2025-03-30T02:34:51.514Z] 处理游戏 56/100: https://www.crazygames.com/game/mini-golf-club
[INFO][2025-03-30T02:34:59.907Z]   尝试查找Embed按钮...
[INFO][2025-03-30T02:34:59.909Z]   找到Embed按钮，位置: x=276.03515625, y=337.859375
[INFO][2025-03-30T02:35:00.928Z]   点击了Embed按钮
[INFO][2025-03-30T02:35:03.955Z]   构建正确格式的iframe源: https://www.crazygames.com/embed/mini-golf-club
[INFO][2025-03-30T02:35:05.966Z] 处理游戏 57/100: https://www.crazygames.com/game/worldguessr
[INFO][2025-03-30T02:35:16.571Z]   尝试查找Embed按钮...
[INFO][2025-03-30T02:35:16.575Z]   找到Embed按钮，位置: x=276.03515625, y=337.859375
[INFO][2025-03-30T02:35:17.597Z]   点击了Embed按钮
[INFO][2025-03-30T02:35:20.624Z]   构建正确格式的iframe源: https://www.crazygames.com/embed/worldguessr
[INFO][2025-03-30T02:35:22.639Z] 处理游戏 58/100: https://www.crazygames.com/game/bank-heist
[INFO][2025-03-30T02:35:32.205Z]   尝试查找Embed按钮...
[INFO][2025-03-30T02:35:32.209Z]   找到Embed按钮，位置: x=276.03515625, y=337.859375
[INFO][2025-03-30T02:35:33.225Z]   点击了Embed按钮
[INFO][2025-03-30T02:35:36.247Z]   构建正确格式的iframe源: https://www.crazygames.com/embed/bank-heist
[INFO][2025-03-30T02:35:38.256Z] 处理游戏 59/100: https://www.crazygames.com/game/ships-3d
[INFO][2025-03-30T02:35:46.965Z]   尝试查找Embed按钮...
[INFO][2025-03-30T02:35:46.972Z]   找到Embed按钮，位置: x=276.03515625, y=337.859375
[INFO][2025-03-30T02:35:47.987Z]   点击了Embed按钮
[INFO][2025-03-30T02:35:51.007Z]   构建正确格式的iframe源: https://www.crazygames.com/embed/ships-3d
[INFO][2025-03-30T02:35:53.020Z] 处理游戏 60/100: https://www.crazygames.com/game/man-runner-2048
[INFO][2025-03-30T02:36:02.652Z]   尝试查找Embed按钮...
[INFO][2025-03-30T02:36:02.655Z]   找到Embed按钮，位置: x=276.03515625, y=337.859375
[INFO][2025-03-30T02:36:03.677Z]   点击了Embed按钮
[INFO][2025-03-30T02:36:06.699Z]   构建正确格式的iframe源: https://www.crazygames.com/embed/man-runner-2048
[INFO][2025-03-30T02:36:08.703Z] 已保存 60 个游戏数据
[INFO][2025-03-30T02:36:08.703Z] 处理游戏 61/100: https://www.crazygames.com/game/snake-shooter-cbu
[INFO][2025-03-30T02:36:19.088Z]   尝试查找Embed按钮...
[INFO][2025-03-30T02:36:19.091Z]   找到Embed按钮，位置: x=276.03515625, y=337.859375
[INFO][2025-03-30T02:36:20.103Z]   点击了Embed按钮
[INFO][2025-03-30T02:36:23.123Z]   构建正确格式的iframe源: https://www.crazygames.com/embed/snake-shooter-cbu
[INFO][2025-03-30T02:36:25.134Z] 处理游戏 62/100: https://www.crazygames.com/game/bridge-race
[INFO][2025-03-30T02:36:34.260Z]   尝试查找Embed按钮...
[INFO][2025-03-30T02:36:34.262Z]   找到Embed按钮，位置: x=276.03515625, y=337.859375
[INFO][2025-03-30T02:36:35.285Z]   点击了Embed按钮
[INFO][2025-03-30T02:36:38.304Z]   构建正确格式的iframe源: https://www.crazygames.com/embed/bridge-race
[INFO][2025-03-30T02:36:40.318Z] 处理游戏 63/100: https://www.crazygames.com/game/country-life-meadows
[INFO][2025-03-30T02:36:51.161Z]   尝试查找Embed按钮...
[INFO][2025-03-30T02:36:51.163Z]   找到Embed按钮，位置: x=276.03515625, y=337.859375
[INFO][2025-03-30T02:36:52.181Z]   点击了Embed按钮
[INFO][2025-03-30T02:36:55.211Z]   构建正确格式的iframe源: https://www.crazygames.com/embed/country-life-meadows
[INFO][2025-03-30T02:36:57.215Z] 处理游戏 64/100: https://www.crazygames.com/game/mx-offroad-master
[INFO][2025-03-30T02:37:04.810Z]   尝试查找Embed按钮...
[INFO][2025-03-30T02:37:04.814Z]   找到Embed按钮，位置: x=276.03515625, y=337.859375
[INFO][2025-03-30T02:37:05.837Z]   点击了Embed按钮
[INFO][2025-03-30T02:37:08.868Z]   构建正确格式的iframe源: https://www.crazygames.com/embed/mx-offroad-master
[INFO][2025-03-30T02:37:10.882Z] 处理游戏 65/100: https://www.crazygames.com/game/polytrack
[INFO][2025-03-30T02:37:19.692Z]   尝试查找Embed按钮...
[INFO][2025-03-30T02:37:19.695Z]   找到Embed按钮，位置: x=276.03515625, y=337.859375
[INFO][2025-03-30T02:37:20.711Z]   点击了Embed按钮
[INFO][2025-03-30T02:37:23.733Z]   构建正确格式的iframe源: https://www.crazygames.com/embed/polytrack
[INFO][2025-03-30T02:37:25.738Z] 已保存 65 个游戏数据
[INFO][2025-03-30T02:37:25.739Z] 处理游戏 66/100: https://www.crazygames.com/game/night-city-racing
[INFO][2025-03-30T02:37:35.414Z]   尝试查找Embed按钮...
[INFO][2025-03-30T02:37:35.419Z]   找到Embed按钮，位置: x=276.03515625, y=337.859375
[INFO][2025-03-30T02:37:36.445Z]   点击了Embed按钮
[INFO][2025-03-30T02:37:39.466Z]   构建正确格式的iframe源: https://www.crazygames.com/embed/night-city-racing
[INFO][2025-03-30T02:37:41.468Z] 处理游戏 67/100: https://www.crazygames.com/game/demolition-derby-3
[INFO][2025-03-30T02:37:54.360Z]   尝试查找Embed按钮...
[INFO][2025-03-30T02:37:54.363Z]   找到Embed按钮，位置: x=276.03515625, y=337.859375
[INFO][2025-03-30T02:37:55.376Z]   点击了Embed按钮
[INFO][2025-03-30T02:37:58.402Z]   构建正确格式的iframe源: https://www.crazygames.com/embed/demolition-derby-3
[INFO][2025-03-30T02:38:00.406Z] 处理游戏 68/100: https://www.crazygames.com/game/rally-racer-dirt
[INFO][2025-03-30T02:38:09.917Z]   尝试查找Embed按钮...
[INFO][2025-03-30T02:38:09.920Z]   找到Embed按钮，位置: x=276.03515625, y=337.859375
[INFO][2025-03-30T02:38:10.939Z]   点击了Embed按钮
[INFO][2025-03-30T02:38:13.967Z]   构建正确格式的iframe源: https://www.crazygames.com/embed/rally-racer-dirt
[INFO][2025-03-30T02:38:15.979Z] 处理游戏 69/100: https://www.crazygames.com/game/super-bike-the-champion
[INFO][2025-03-30T02:38:25.673Z]   尝试查找Embed按钮...
[INFO][2025-03-30T02:38:25.676Z]   找到Embed按钮，位置: x=276.03515625, y=337.859375
[INFO][2025-03-30T02:38:26.704Z]   点击了Embed按钮
[INFO][2025-03-30T02:38:29.738Z]   构建正确格式的iframe源: https://www.crazygames.com/embed/super-bike-the-champion
[INFO][2025-03-30T02:38:31.742Z] 处理游戏 70/100: https://www.crazygames.com/game/stunt-paradise
[INFO][2025-03-30T02:38:43.451Z]   尝试查找Embed按钮...
[INFO][2025-03-30T02:38:43.454Z]   找到Embed按钮，位置: x=276.03515625, y=337.859375
[INFO][2025-03-30T02:38:44.477Z]   点击了Embed按钮
[INFO][2025-03-30T02:38:47.657Z]   构建正确格式的iframe源: https://www.crazygames.com/embed/stunt-paradise
[INFO][2025-03-30T02:38:49.666Z] 已保存 70 个游戏数据
[INFO][2025-03-30T02:38:49.667Z] 处理游戏 71/100: https://www.crazygames.com/game/mr-racer---car-racing
[INFO][2025-03-30T02:38:56.867Z]   尝试查找Embed按钮...
[INFO][2025-03-30T02:38:56.871Z]   找到Embed按钮，位置: x=276.03515625, y=337.859375
[INFO][2025-03-30T02:38:57.889Z]   点击了Embed按钮
[INFO][2025-03-30T02:39:00.916Z]   构建正确格式的iframe源: https://www.crazygames.com/embed/mr-racer---car-racing
[INFO][2025-03-30T02:39:02.920Z] 处理游戏 72/100: https://www.crazygames.com/game/xtreme-city-drifting
[INFO][2025-03-30T02:39:10.793Z]   尝试查找Embed按钮...
[INFO][2025-03-30T02:39:10.797Z]   找到Embed按钮，位置: x=276.03515625, y=337.859375
[INFO][2025-03-30T02:39:11.817Z]   点击了Embed按钮
[INFO][2025-03-30T02:39:14.844Z]   构建正确格式的iframe源: https://www.crazygames.com/embed/xtreme-city-drifting
[INFO][2025-03-30T02:39:16.847Z] 处理游戏 73/100: https://www.crazygames.com/game/defender-idle-2
[INFO][2025-03-30T02:39:25.960Z]   尝试查找Embed按钮...
[INFO][2025-03-30T02:39:25.964Z]   找到Embed按钮，位置: x=276.03515625, y=337.859375
[INFO][2025-03-30T02:39:26.978Z]   点击了Embed按钮
[INFO][2025-03-30T02:39:30.018Z]   构建正确格式的iframe源: https://www.crazygames.com/embed/defender-idle-2
[INFO][2025-03-30T02:39:32.028Z] 处理游戏 74/100: https://www.crazygames.com/game/stickman-clash
[INFO][2025-03-30T02:39:40.730Z]   尝试查找Embed按钮...
[INFO][2025-03-30T02:39:40.738Z]   未找到Embed按钮
[INFO][2025-03-30T02:39:40.739Z]   构建正确格式的iframe源: https://www.crazygames.com/embed/stickman-clash
[INFO][2025-03-30T02:39:42.753Z] 处理游戏 75/100: https://www.crazygames.com/game/stickman-destruction-3-heroes
[INFO][2025-03-30T02:39:52.332Z]   尝试查找Embed按钮...
[INFO][2025-03-30T02:39:52.338Z]   找到Embed按钮，位置: x=276.03515625, y=337.859375
[INFO][2025-03-30T02:39:53.360Z]   点击了Embed按钮
[INFO][2025-03-30T02:39:56.376Z]   构建正确格式的iframe源: https://www.crazygames.com/embed/stickman-destruction-3-heroes
[INFO][2025-03-30T02:39:58.394Z] 已保存 75 个游戏数据
[INFO][2025-03-30T02:39:58.394Z] 处理游戏 76/100: https://www.crazygames.com/game/world-z-defense---zombie-defense
[INFO][2025-03-30T02:40:06.557Z]   尝试查找Embed按钮...
[INFO][2025-03-30T02:40:06.561Z]   找到Embed按钮，位置: x=276.03515625, y=337.859375
[INFO][2025-03-30T02:40:07.579Z]   点击了Embed按钮
[INFO][2025-03-30T02:40:10.604Z]   构建正确格式的iframe源: https://www.crazygames.com/embed/world-z-defense---zombie-defense
[INFO][2025-03-30T02:40:12.614Z] 处理游戏 77/100: https://www.crazygames.com/game/iron-towers-alliance
[INFO][2025-03-30T02:40:21.917Z]   尝试查找Embed按钮...
[INFO][2025-03-30T02:40:21.923Z]   找到Embed按钮，位置: x=276.03515625, y=337.859375
[INFO][2025-03-30T02:40:22.942Z]   点击了Embed按钮
[INFO][2025-03-30T02:40:25.955Z]   构建正确格式的iframe源: https://www.crazygames.com/embed/iron-towers-alliance
[INFO][2025-03-30T02:40:27.965Z] 处理游戏 78/100: https://www.crazygames.com/game/cat-and-granny-original
[INFO][2025-03-30T02:40:34.528Z]   尝试查找Embed按钮...
[INFO][2025-03-30T02:40:34.532Z]   找到Embed按钮，位置: x=276.03515625, y=337.859375
[INFO][2025-03-30T02:40:35.550Z]   点击了Embed按钮
[INFO][2025-03-30T02:40:38.693Z]   构建正确格式的iframe源: https://www.crazygames.com/embed/cat-and-granny-original
[INFO][2025-03-30T02:40:40.699Z] 处理游戏 79/100: https://www.crazygames.com/game/k-sniper-challenge-3d
[INFO][2025-03-30T02:41:01.249Z]   尝试查找Embed按钮...
[INFO][2025-03-30T02:41:01.253Z]   找到Embed按钮，位置: x=276.03515625, y=337.859375
[INFO][2025-03-30T02:41:02.274Z]   点击了Embed按钮
[INFO][2025-03-30T02:41:05.298Z]   构建正确格式的iframe源: https://www.crazygames.com/embed/k-sniper-challenge-3d
[INFO][2025-03-30T02:41:07.300Z] 处理游戏 80/100: https://www.crazygames.com/game/swords-souls
[INFO][2025-03-30T02:41:15.149Z]   尝试查找Embed按钮...
[INFO][2025-03-30T02:41:15.156Z]   找到Embed按钮，位置: x=276.03515625, y=337.859375
[INFO][2025-03-30T02:41:16.174Z]   点击了Embed按钮
[INFO][2025-03-30T02:41:19.200Z]   构建正确格式的iframe源: https://www.crazygames.com/embed/swords-souls
[INFO][2025-03-30T02:41:21.213Z] 已保存 80 个游戏数据
[INFO][2025-03-30T02:41:21.214Z] 处理游戏 81/100: https://www.crazygames.com/game/hidden-objects
[INFO][2025-03-30T02:41:29.173Z]   尝试查找Embed按钮...
[INFO][2025-03-30T02:41:29.176Z]   找到Embed按钮，位置: x=276.03515625, y=337.859375
[INFO][2025-03-30T02:41:30.195Z]   点击了Embed按钮
[INFO][2025-03-30T03:24:07.836Z] 开始抓取CrazyGames游戏数据
[INFO][2025-03-30T03:24:09.015Z] 访问游戏列表页面: https://www.crazygames.com/games
[INFO][2025-03-30T03:24:24.597Z] 滚动页面加载更多游戏...
[INFO][2025-03-30T03:24:29.604Z] 找到 100 个游戏链接
[INFO][2025-03-30T03:24:29.604Z] 处理游戏 1/100: https://www.crazygames.com/game/bloxdhop-io
[INFO][2025-03-30T03:24:39.801Z]   尝试查找Embed按钮...
[INFO][2025-03-30T03:24:39.804Z]   找到Embed按钮，位置: x=276.03515625, y=337.859375
[INFO][2025-03-30T03:24:40.825Z]   点击了Embed按钮
[INFO][2025-03-30T03:24:43.841Z]   构建正确格式的iframe源: https://www.crazygames.com/embed/bloxdhop-io
[INFO][2025-03-30T03:24:45.855Z] 处理游戏 2/100: https://www.crazygames.com/game/ragdoll-archers
[INFO][2025-03-30T03:25:00.549Z]   尝试查找Embed按钮...
[INFO][2025-03-30T03:25:00.551Z]   找到Embed按钮，位置: x=276.03515625, y=337.859375
[INFO][2025-03-30T03:25:01.574Z]   点击了Embed按钮
[INFO][2025-03-30T03:25:04.600Z]   构建正确格式的iframe源: https://www.crazygames.com/embed/ragdoll-archers
[INFO][2025-03-30T03:25:06.609Z] 处理游戏 3/100: https://www.crazygames.com/game/mahjongg-solitaire
